#! /c/Source/iverilog-install/bin/vvp
:ivl_version "12.0 (devel)" "(s20150603-1539-g2693dd32b)";
:ivl_delay_selection "TYPICAL";
:vpi_time_precision + 0;
:vpi_module "C:\iverilog\lib\ivl\system.vpi";
:vpi_module "C:\iverilog\lib\ivl\vhdl_sys.vpi";
:vpi_module "C:\iverilog\lib\ivl\vhdl_textio.vpi";
:vpi_module "C:\iverilog\lib\ivl\v2005_math.vpi";
:vpi_module "C:\iverilog\lib\ivl\va_math.vpi";
S_000001b93bdba2c0 .scope module, "testbench" "testbench" 2 10;
 .timescale 0 0;
v000001b93bdbbc10_0 .var "a", 0 0;
v000001b93bdbbcb0_0 .var "b", 0 0;
v000001b93bc82ce0_0 .var "sel", 0 0;
v000001b93bc82d80_0 .net "y", 0 0, L_000001b93bc82e20;  1 drivers
S_000001b93bdba6a0 .scope module, "uut" "mux_2to1" 2 14, 2 1 0, S_000001b93bdba2c0;
 .timescale 0 0;
    .port_info 0 /INPUT 1 "a";
    .port_info 1 /INPUT 1 "b";
    .port_info 2 /INPUT 1 "sel";
    .port_info 3 /OUTPUT 1 "y";
v000001b93bc83580_0 .net "a", 0 0, v000001b93bdbbc10_0;  1 drivers
v000001b93bdba060_0 .net "b", 0 0, v000001b93bdbbcb0_0;  1 drivers
v000001b93bdbbad0_0 .net "sel", 0 0, v000001b93bc82ce0_0;  1 drivers
v000001b93bdbbb70_0 .net "y", 0 0, L_000001b93bc82e20;  alias, 1 drivers
L_000001b93bc82e20 .functor MUXZ 1, v000001b93bdbbc10_0, v000001b93bdbbcb0_0, v000001b93bc82ce0_0, C4<>;
    .scope S_000001b93bdba2c0;
T_0 ;
    %vpi_call 2 22 "$dumpfile", "test1.vcd" {0 0 0};
    %vpi_call 2 23 "$dumpvars", 32'sb00000000000000000000000000000000, S_000001b93bdba2c0 {0 0 0};
    %vpi_call 2 25 "$display", "sel | a | b | y" {0 0 0};
    %vpi_call 2 26 "$display", "----------------" {0 0 0};
    %pushi/vec4 0, 0, 1;
    %store/vec4 v000001b93bdbbc10_0, 0, 1;
    %pushi/vec4 0, 0, 1;
    %store/vec4 v000001b93bdbbcb0_0, 0, 1;
    %pushi/vec4 0, 0, 1;
    %store/vec4 v000001b93bc82ce0_0, 0, 1;
    %delay 10, 0;
    %vpi_call 2 28 "$display", "  %b  | %b | %b | %b", v000001b93bc82ce0_0, v000001b93bdbbc10_0, v000001b93bdbbcb0_0, v000001b93bc82d80_0 {0 0 0};
    %pushi/vec4 0, 0, 1;
    %store/vec4 v000001b93bdbbc10_0, 0, 1;
    %pushi/vec4 1, 0, 1;
    %store/vec4 v000001b93bdbbcb0_0, 0, 1;
    %pushi/vec4 0, 0, 1;
    %store/vec4 v000001b93bc82ce0_0, 0, 1;
    %delay 10, 0;
    %vpi_call 2 29 "$display", "  %b  | %b | %b | %b", v000001b93bc82ce0_0, v000001b93bdbbc10_0, v000001b93bdbbcb0_0, v000001b93bc82d80_0 {0 0 0};
    %pushi/vec4 1, 0, 1;
    %store/vec4 v000001b93bdbbc10_0, 0, 1;
    %pushi/vec4 0, 0, 1;
    %store/vec4 v000001b93bdbbcb0_0, 0, 1;
    %pushi/vec4 0, 0, 1;
    %store/vec4 v000001b93bc82ce0_0, 0, 1;
    %delay 10, 0;
    %vpi_call 2 30 "$display", "  %b  | %b | %b | %b", v000001b93bc82ce0_0, v000001b93bdbbc10_0, v000001b93bdbbcb0_0, v000001b93bc82d80_0 {0 0 0};
    %pushi/vec4 1, 0, 1;
    %store/vec4 v000001b93bdbbc10_0, 0, 1;
    %pushi/vec4 1, 0, 1;
    %store/vec4 v000001b93bdbbcb0_0, 0, 1;
    %pushi/vec4 0, 0, 1;
    %store/vec4 v000001b93bc82ce0_0, 0, 1;
    %delay 10, 0;
    %vpi_call 2 31 "$display", "  %b  | %b | %b | %b", v000001b93bc82ce0_0, v000001b93bdbbc10_0, v000001b93bdbbcb0_0, v000001b93bc82d80_0 {0 0 0};
    %pushi/vec4 0, 0, 1;
    %store/vec4 v000001b93bdbbc10_0, 0, 1;
    %pushi/vec4 0, 0, 1;
    %store/vec4 v000001b93bdbbcb0_0, 0, 1;
    %pushi/vec4 1, 0, 1;
    %store/vec4 v000001b93bc82ce0_0, 0, 1;
    %delay 10, 0;
    %vpi_call 2 32 "$display", "  %b  | %b | %b | %b", v000001b93bc82ce0_0, v000001b93bdbbc10_0, v000001b93bdbbcb0_0, v000001b93bc82d80_0 {0 0 0};
    %pushi/vec4 0, 0, 1;
    %store/vec4 v000001b93bdbbc10_0, 0, 1;
    %pushi/vec4 1, 0, 1;
    %store/vec4 v000001b93bdbbcb0_0, 0, 1;
    %pushi/vec4 1, 0, 1;
    %store/vec4 v000001b93bc82ce0_0, 0, 1;
    %delay 10, 0;
    %vpi_call 2 33 "$display", "  %b  | %b | %b | %b", v000001b93bc82ce0_0, v000001b93bdbbc10_0, v000001b93bdbbcb0_0, v000001b93bc82d80_0 {0 0 0};
    %pushi/vec4 1, 0, 1;
    %store/vec4 v000001b93bdbbc10_0, 0, 1;
    %pushi/vec4 0, 0, 1;
    %store/vec4 v000001b93bdbbcb0_0, 0, 1;
    %pushi/vec4 1, 0, 1;
    %store/vec4 v000001b93bc82ce0_0, 0, 1;
    %delay 10, 0;
    %vpi_call 2 34 "$display", "  %b  | %b | %b | %b", v000001b93bc82ce0_0, v000001b93bdbbc10_0, v000001b93bdbbcb0_0, v000001b93bc82d80_0 {0 0 0};
    %pushi/vec4 1, 0, 1;
    %store/vec4 v000001b93bdbbc10_0, 0, 1;
    %pushi/vec4 1, 0, 1;
    %store/vec4 v000001b93bdbbcb0_0, 0, 1;
    %pushi/vec4 1, 0, 1;
    %store/vec4 v000001b93bc82ce0_0, 0, 1;
    %delay 10, 0;
    %vpi_call 2 35 "$display", "  %b  | %b | %b | %b", v000001b93bc82ce0_0, v000001b93bdbbc10_0, v000001b93bdbbcb0_0, v000001b93bc82d80_0 {0 0 0};
    %vpi_call 2 37 "$finish" {0 0 0};
    %end;
    .thread T_0;
# The file index is used to find the file name in the following table.
:file_names 3;
    "N/A";
    "<interactive>";
    "mux_2to1.v";
